Errors may raise while implementing

aws ec2 describe-instances --instance-ids i-0e016d3e5d76d1b61 \
  --query 'Reservations[].Instances[].MetadataOptions'

    {
        "State": "applied",
        "HttpTokens": "required",
        "HttpPutResponseHopLimit": 1,
        "HttpEndpoint": "enabled",
        "HttpProtocolIpv6": "disabled",
        "InstanceMetadataTags": "disabled"
    }
]

solution
here "HttpTokens": "required" 
When HttpTokens is set to "required", the EBS CSI driver cannot access the EC2 Instance Metadata Service (IMDS) without providing a token.
For Kubernetes and EBS CSI driver to work correctly, HttpTokens should be set to "optional"

aws ec2 modify-instance-metadata-options \
    --instance-id i-0e016d3e5d76d1b61 \
    --http-endpoint enabled \
    --http-token optional

--------------------------------------------------------------------
🔹 Topic: Jenkin Connect to EKS Cluster
🛠️ Problem Faced: Error "
    aws eks update-kubeconfig --region us-east-1 --name <cluster_name>
    Unable to locate credentials. You can configure credentials by running "aws configure".
    "  
🧐 Debugging Steps: 
  1. Checked IAM permissions ✅  
💡 Solution:   
  1. Provide AWS credentials 
  2. Attach IAM role for EC2 instance
        - AmazonEKS_CNI_Policy
        - AmazonEKSWorkerNodePolicy
        - AmazonEC2ContainerRegistryReadOnly

+ cd /var/lib/jenkins/workspace/bakend/helm-backend
+ helm upgrade --install backend -n fusioniq .
Error: query: failed to query with labels: secrets is forbidden: User "system:node:ip-172-31-44-201.ec2.internal" cannot list resource "secrets" in API group "" in the namespace "fusioniq": No Object name found